<?xml version="1.0" encoding="UTF-8"?>
<robot generator="Robot 6.0.1 (Python 3.10.6 on linux)" generated="20221216 12:15:12.836" rpa="false" schemaversion="3">
<suite id="s1" name="Robotframework" source="/home/uros/Desktop/robotframework">
<suite id="s1-s1" name="Login" source="/home/uros/Desktop/robotframework/login.robot">
<test id="s1-s1-t1" name="TC_007 Radio buttons Functionality" line="11">
<kw name="Open Browser" library="Selenium2Library">
<arg>${Application__URL}</arg>
<arg>${Browser_Name}</arg>
<doc>Opens a new browser instance to the optional ``url``.</doc>
<msg timestamp="20221216 12:15:13.012" level="INFO">Opening browser 'Chrome' to base url 'http://www.demo.guru99.com/V4/'.</msg>
<status status="PASS" starttime="20221216 12:15:13.012" endtime="20221216 12:15:16.797"/>
</kw>
<kw name="Maximize Browser Window" library="Selenium2Library">
<doc>Maximizes current browser window.</doc>
<status status="PASS" starttime="20221216 12:15:16.798" endtime="20221216 12:15:16.955"/>
</kw>
<kw name="Input Text" library="Selenium2Library">
<arg>name=q</arg>
<arg>neymarjr</arg>
<doc>Types the given ``text`` into the text field identified by ``locator``.</doc>
<msg timestamp="20221216 12:15:16.957" level="INFO">Typing text 'neymarjr' into text field 'name=q'.</msg>
<msg timestamp="20221216 12:15:19.220" level="INFO" html="true">&lt;/td&gt;&lt;/tr&gt;&lt;tr&gt;&lt;td colspan="3"&gt;&lt;a href="selenium-screenshot-1.png"&gt;&lt;img src="selenium-screenshot-1.png" width="800px"&gt;&lt;/a&gt;</msg>
<msg timestamp="20221216 12:15:19.221" level="FAIL">Element with locator 'name=q' not found.</msg>
<status status="FAIL" starttime="20221216 12:15:16.955" endtime="20221216 12:15:19.222"/>
</kw>
<kw name="Wait Until Element Is Visible" library="Selenium2Library">
<arg>name=btnK</arg>
<doc>Waits until the element ``locator`` is visible.</doc>
<status status="NOT RUN" starttime="20221216 12:15:19.223" endtime="20221216 12:15:19.224"/>
</kw>
<kw name="Click Button" library="Selenium2Library">
<arg>name=btnK</arg>
<doc>Clicks the button identified by ``locator``.</doc>
<status status="NOT RUN" starttime="20221216 12:15:19.224" endtime="20221216 12:15:19.225"/>
</kw>
<kw name="Sleep" library="BuiltIn">
<arg>2seconds</arg>
<doc>Pauses the test executed for the given time.</doc>
<status status="NOT RUN" starttime="20221216 12:15:19.226" endtime="20221216 12:15:19.227"/>
</kw>
<kw name="Wait Until Element Is Visible" library="Selenium2Library">
<arg>xpath=//*[contains(text(),'Change to English')]</arg>
<doc>Waits until the element ``locator`` is visible.</doc>
<status status="NOT RUN" starttime="20221216 12:15:19.227" endtime="20221216 12:15:19.227"/>
</kw>
<kw name="Click Element" library="Selenium2Library">
<arg>xpath=//*[contains(text(),'Change to English')]</arg>
<doc>Click the element identified by ``locator``.</doc>
<status status="NOT RUN" starttime="20221216 12:15:19.227" endtime="20221216 12:15:19.228"/>
</kw>
<kw name="Sleep" library="BuiltIn">
<arg>2seconds</arg>
<doc>Pauses the test executed for the given time.</doc>
<status status="NOT RUN" starttime="20221216 12:15:19.228" endtime="20221216 12:15:19.228"/>
</kw>
<kw name="Click Element" library="Selenium2Library">
<arg>xpath=(//a[@class='B1uW2d ellip PZPZlf'])[1]</arg>
<doc>Click the element identified by ``locator``.</doc>
<status status="NOT RUN" starttime="20221216 12:15:19.228" endtime="20221216 12:15:19.229"/>
</kw>
<kw name="Page Should Contain" library="Selenium2Library">
<arg>Neymar Jr.</arg>
<doc>Verifies that current page contains ``text``.</doc>
<status status="NOT RUN" starttime="20221216 12:15:19.229" endtime="20221216 12:15:19.229"/>
</kw>
<status status="FAIL" starttime="20221216 12:15:13.011" endtime="20221216 12:15:19.230">Element with locator 'name=q' not found.</status>
</test>
<status status="FAIL" starttime="20221216 12:15:12.863" endtime="20221216 12:15:19.231"/>
</suite>
<status status="FAIL" starttime="20221216 12:15:12.839" endtime="20221216 12:15:19.234"/>
</suite>
<statistics>
<total>
<stat pass="0" fail="1" skip="0">All Tests</stat>
</total>
<tag>
</tag>
<suite>
<stat pass="0" fail="1" skip="0" id="s1" name="Robotframework">Robotframework</stat>
<stat pass="0" fail="1" skip="0" id="s1-s1" name="Login">Robotframework.Login</stat>
</suite>
</statistics>
<errors>
</errors>
</robot>
